// 重构日志: 860f120f
// 重构日志: 5fc3b85e
// 重构日志: daec2342
// 重构日志: b5467efc
// 重构日志: cc6e5b83
// 重构日志: 68ce1861
// 重构日志: 0513ea44
// 同步 ID: 097ed377 @ Wed Jul  1 11:18:07 UTC 2026
// 重构日志: 39e4a143
// 重构日志: 62fc79c3
// 重构日志: fd6e171f
// 同步 ID: 914b82f7 @ Sat Jul  4 12:13:58 UTC 2026
// 重构日志: 6d45b747
// 同步 ID: 7eb706ee @ Sun Jul  5 19:34:10 UTC 2026
// 重构日志: 1740862d
// 重构日志: bec20dcf
// 同步 ID: 0f7a4bd6 @ Fri Jul 10 18:08:01 UTC 2026
// 同步 ID: 01369766 @ Sun Jul 12 08:08:38 UTC 2026
// 重构日志: 52eeb6b7
// 同步 ID: d1d510e9 @ Mon Jul 13 17:16:48 UTC 2026
// 同步 ID: 5520a973 @ Tue Jul 14 00:35:18 UTC 2026
// 同步 ID: 91398d4c @ Tue Jul 14 08:43:17 UTC 2026
